<?xml version="1.0" encoding="UTF-8"?>
<testsuite xmlns:xsi="http://www.w3.org/2001/XMLSchema-instance" xsi:noNamespaceSchemaLocation="https://maven.apache.org/surefire/maven-surefire-plugin/xsd/surefire-test-report.xsd" version="3.0.2" name="com.banksystem.FileLoggerTest" time="0.051" tests="2" errors="0" skipped="0" failures="0">
  <properties>
[...]
</properties>
  <testcase name="testHardcodedPathFailure" classname="com.banksystem.FileLoggerTest" time="0.021"/>
  <testcase name="testPathCompatibility" classname="com.banksystem.FileLoggerTest" time="0.005"/>
</testsuite>